  Arrow.cpp
C:\Windows Kits\10\Include\10.0.18362.0\ucrt\crtdbg.h(303,1): warning C4005:  '_malloca': macro redefinition
C:\Windows Kits\10\Include\10.0.18362.0\ucrt\malloc.h(122): message :  see previous definition of '_malloca'
U:\hlocal\TPVSegundaMatricula\HolaSDL\Arrow.cpp(6,14): warning C4244:  '=': conversion from 'double' to 'int', possible loss of data
U:\hlocal\TPVSegundaMatricula\HolaSDL\Arrow.cpp(7,14): warning C4244:  '=': conversion from 'double' to 'int', possible loss of data
U:\hlocal\TPVSegundaMatricula\HolaSDL\Arrow.cpp(8,10): warning C4244:  '=': conversion from 'double' to 'int', possible loss of data
U:\hlocal\TPVSegundaMatricula\HolaSDL\Arrow.cpp(9,10): warning C4244:  '=': conversion from 'double' to 'int', possible loss of data
U:\hlocal\TPVSegundaMatricula\HolaSDL\Arrow.cpp(15,18): warning C4244:  '=': conversion from 'double' to 'int', possible loss of data
U:\hlocal\TPVSegundaMatricula\HolaSDL\Arrow.cpp(16,14): warning C4244:  '=': conversion from 'double' to 'int', possible loss of data
U:\hlocal\TPVSegundaMatricula\HolaSDL\Arrow.cpp(17,13): warning C4244:  '=': conversion from 'double' to 'int', possible loss of data
  ArrowsGameObject.cpp
U:\hlocal\TPVSegundaMatricula\HolaSDL\Arrow.cpp(18,10): warning C4244:  '=': conversion from 'double' to 'int', possible loss of data
C:\Windows Kits\10\Include\10.0.18362.0\ucrt\crtdbg.h(303,1): warning C4005:  '_malloca': macro redefinition
C:\Windows Kits\10\Include\10.0.18362.0\ucrt\malloc.h(122): message :  see previous definition of '_malloca'
U:\hlocal\TPVSegundaMatricula\HolaSDL\ArrowsGameObject.cpp(29,10): warning C4244:  '=': conversion from 'double' to 'int', possible loss of data
U:\hlocal\TPVSegundaMatricula\HolaSDL\ArrowsGameObject.cpp(30,10): warning C4244:  '=': conversion from 'double' to 'int', possible loss of data
U:\hlocal\TPVSegundaMatricula\HolaSDL\ArrowsGameObject.cpp(31,14): warning C4244:  '=': conversion from 'double' to 'int', possible loss of data
  Balloon.cpp
U:\hlocal\TPVSegundaMatricula\HolaSDL\ArrowsGameObject.cpp(32,14): warning C4244:  '=': conversion from 'double' to 'int', possible loss of data
C:\Windows Kits\10\Include\10.0.18362.0\ucrt\crtdbg.h(303,1): warning C4005:  '_malloca': macro redefinition
C:\Windows Kits\10\Include\10.0.18362.0\ucrt\malloc.h(122): message :  see previous definition of '_malloca'
U:\hlocal\TPVSegundaMatricula\HolaSDL\Balloon.cpp(12,15): warning C4244:  '=': conversion from 'double' to 'int', possible loss of data
U:\hlocal\TPVSegundaMatricula\HolaSDL\Balloon.cpp(13,15): warning C4244:  '=': conversion from 'double' to 'int', possible loss of data
U:\hlocal\TPVSegundaMatricula\HolaSDL\Balloon.cpp(14,19): warning C4244:  '=': conversion from 'double' to 'int', possible loss of data
U:\hlocal\TPVSegundaMatricula\HolaSDL\Balloon.cpp(15,19): warning C4244:  '=': conversion from 'double' to 'int', possible loss of data
  Bow.cpp
U:\hlocal\TPVSegundaMatricula\HolaSDL\Balloon.cpp(25,30): warning C4018:  '<': signed/unsigned mismatch
C:\Windows Kits\10\Include\10.0.18362.0\ucrt\crtdbg.h(303,1): warning C4005:  '_malloca': macro redefinition
C:\Windows Kits\10\Include\10.0.18362.0\ucrt\malloc.h(122): message :  see previous definition of '_malloca'
U:\hlocal\TPVSegundaMatricula\HolaSDL\Bow.cpp(18,15): warning C4244:  '=': conversion from 'double' to 'int', possible loss of data
U:\hlocal\TPVSegundaMatricula\HolaSDL\Bow.cpp(19,19): warning C4244:  '=': conversion from 'double' to 'int', possible loss of data
U:\hlocal\TPVSegundaMatricula\HolaSDL\Bow.cpp(20,19): warning C4244:  '=': conversion from 'double' to 'int', possible loss of data
U:\hlocal\TPVSegundaMatricula\HolaSDL\Bow.cpp(23,18): warning C4244:  '=': conversion from 'double' to 'int', possible loss of data
U:\hlocal\TPVSegundaMatricula\HolaSDL\Bow.cpp(28,16): warning C4244:  '=': conversion from 'double' to 'int', possible loss of data
  Game.cpp
U:\hlocal\TPVSegundaMatricula\HolaSDL\Bow.cpp(81,35): warning C4244:  'argument': conversion from 'const double' to 'int', possible loss of data
C:\Windows Kits\10\Include\10.0.18362.0\ucrt\crtdbg.h(303,1): warning C4005:  '_malloca': macro redefinition
  main.cpp
C:\Windows Kits\10\Include\10.0.18362.0\ucrt\malloc.h(122): message :  see previous definition of '_malloca'
C:\Windows Kits\10\Include\10.0.18362.0\ucrt\crtdbg.h(303,1): warning C4005:  '_malloca': macro redefinition
  ScoreBoard.cpp
C:\Windows Kits\10\Include\10.0.18362.0\ucrt\malloc.h(122): message :  see previous definition of '_malloca'
C:\Windows Kits\10\Include\10.0.18362.0\ucrt\crtdbg.h(303,1): warning C4005:  '_malloca': macro redefinition
C:\Windows Kits\10\Include\10.0.18362.0\ucrt\malloc.h(122): message :  see previous definition of '_malloca'
U:\hlocal\TPVSegundaMatricula\HolaSDL\ScoreBoard.cpp(6,13): warning C4244:  '=': conversion from 'double' to 'int', possible loss of data
U:\hlocal\TPVSegundaMatricula\HolaSDL\ScoreBoard.cpp(7,13): warning C4244:  '=': conversion from 'double' to 'int', possible loss of data
U:\hlocal\TPVSegundaMatricula\HolaSDL\ScoreBoard.cpp(8,17): warning C4244:  '=': conversion from 'double' to 'int', possible loss of data
U:\hlocal\TPVSegundaMatricula\HolaSDL\ScoreBoard.cpp(9,17): warning C4244:  '=': conversion from 'double' to 'int', possible loss of data
U:\hlocal\TPVSegundaMatricula\HolaSDL\ScoreBoard.cpp(12,12): warning C4244:  '=': conversion from 'double' to 'int', possible loss of data
U:\hlocal\TPVSegundaMatricula\HolaSDL\ScoreBoard.cpp(13,12): warning C4244:  '=': conversion from 'double' to 'int', possible loss of data
U:\hlocal\TPVSegundaMatricula\HolaSDL\ScoreBoard.cpp(14,27): warning C4244:  '=': conversion from 'double' to 'int', possible loss of data
U:\hlocal\TPVSegundaMatricula\HolaSDL\ScoreBoard.cpp(15,16): warning C4244:  '=': conversion from 'double' to 'int', possible loss of data
U:\hlocal\TPVSegundaMatricula\HolaSDL\ScoreBoard.cpp(18,12): warning C4244:  '=': conversion from 'double' to 'int', possible loss of data
U:\hlocal\TPVSegundaMatricula\HolaSDL\ScoreBoard.cpp(19,12): warning C4244:  '=': conversion from 'double' to 'int', possible loss of data
U:\hlocal\TPVSegundaMatricula\HolaSDL\ScoreBoard.cpp(20,25): warning C4244:  '=': conversion from 'double' to 'int', possible loss of data
  Texture.cpp
U:\hlocal\TPVSegundaMatricula\HolaSDL\ScoreBoard.cpp(21,16): warning C4244:  '=': conversion from 'double' to 'int', possible loss of data
C:\Windows Kits\10\Include\10.0.18362.0\ucrt\crtdbg.h(303,1): warning C4005:  '_malloca': macro redefinition
  Vector2D.cpp
  Generating Code...
C:\Windows Kits\10\Include\10.0.18362.0\ucrt\malloc.h(122): message :  see previous definition of '_malloca'
C:\Windows Kits\10\Include\10.0.18362.0\ucrt\malloc.h(122): message : U:\hlocal\TPVSegundaMatricula\HolaSDL\Balloon.cpp(42) : warning C4715: 'Balloon::update': not all control paths return a value
  HolaSDL.vcxproj -> U:\hlocal\TPVSegundaMatricula\bin\HolaSDLDebug.exe
