c:\users\mxddx\desktop\tpvsegundamatricula\holasdl\debug\vc142.pdb
c:\users\mxddx\desktop\tpvsegundamatricula\holasdl\debug\vc142.idb
c:\users\mxddx\desktop\tpvsegundamatricula\holasdl\debug\vector2d.obj
c:\users\mxddx\desktop\tpvsegundamatricula\holasdl\debug\texture.obj
c:\users\mxddx\desktop\tpvsegundamatricula\holasdl\debug\scoreboard.obj
c:\users\mxddx\desktop\tpvsegundamatricula\holasdl\debug\main.obj
c:\users\mxddx\desktop\tpvsegundamatricula\holasdl\debug\game.obj
c:\users\mxddx\desktop\tpvsegundamatricula\holasdl\debug\balloon.obj
c:\users\mxddx\desktop\tpvsegundamatricula\holasdl\debug\bow.obj
c:\users\mxddx\desktop\tpvsegundamatricula\holasdl\debug\arrow.obj
c:\users\mxddx\desktop\tpvsegundamatricula\bin\holasdldebug.exe
c:\users\mxddx\desktop\tpvsegundamatricula\bin\holasdldebug.ilk
c:\users\mxddx\desktop\tpvsegundamatricula\bin\holasdldebug.pdb
c:\users\mxddx\desktop\tpvsegundamatricula\holasdl\debug\game.new.obj.enc
c:\users\mxddx\desktop\tpvsegundamatricula\holasdl\debug\holasdl.tlog\cl.command.1.tlog
c:\users\mxddx\desktop\tpvsegundamatricula\holasdl\debug\holasdl.tlog\cl.read.1.tlog
c:\users\mxddx\desktop\tpvsegundamatricula\holasdl\debug\holasdl.tlog\cl.write.1.tlog
c:\users\mxddx\desktop\tpvsegundamatricula\holasdl\debug\holasdl.tlog\link.command.1.tlog
c:\users\mxddx\desktop\tpvsegundamatricula\holasdl\debug\holasdl.tlog\link.read.1.tlog
c:\users\mxddx\desktop\tpvsegundamatricula\holasdl\debug\holasdl.tlog\link.write.1.tlog
