c:\tpvsegundamatricula\gonzalocidoncha_practica3\holasdl\debug\vc142.pdb
c:\tpvsegundamatricula\gonzalocidoncha_practica3\holasdl\debug\vc142.idb
c:\tpvsegundamatricula\gonzalocidoncha_practica3\holasdl\debug\scoreboard.obj
c:\tpvsegundamatricula\gonzalocidoncha_practica3\holasdl\debug\reward.obj
c:\tpvsegundamatricula\gonzalocidoncha_practica3\holasdl\debug\pausestate.obj
c:\tpvsegundamatricula\gonzalocidoncha_practica3\holasdl\debug\menubutton.obj
c:\tpvsegundamatricula\gonzalocidoncha_practica3\holasdl\debug\mainmenustate.obj
c:\tpvsegundamatricula\gonzalocidoncha_practica3\holasdl\debug\main.obj
c:\tpvsegundamatricula\gonzalocidoncha_practica3\holasdl\debug\gamestate.obj
c:\tpvsegundamatricula\gonzalocidoncha_practica3\holasdl\debug\game.obj
c:\tpvsegundamatricula\gonzalocidoncha_practica3\holasdl\debug\endstate.obj
c:\tpvsegundamatricula\gonzalocidoncha_practica3\holasdl\debug\butterfly.obj
c:\tpvsegundamatricula\gonzalocidoncha_practica3\holasdl\debug\bow.obj
c:\tpvsegundamatricula\gonzalocidoncha_practica3\holasdl\debug\arrow.obj
c:\tpvsegundamatricula\gonzalocidoncha_practica3\holasdl\debug\balloon.obj
c:\tpvsegundamatricula\gonzalocidoncha_practica3\holasdl\debug\playstate.obj
c:\tpvsegundamatricula\gonzalocidoncha_practica3\holasdl\debug\sdlgameobject.obj
c:\tpvsegundamatricula\gonzalocidoncha_practica3\holasdl\debug\arrowsgameobject.obj
c:\tpvsegundamatricula\gonzalocidoncha_practica3\holasdl\debug\vector2d.obj
c:\tpvsegundamatricula\gonzalocidoncha_practica3\holasdl\debug\texture.obj
c:\tpvsegundamatricula\gonzalocidoncha_practica3\holasdl\debug\gamestatemachine.obj
c:\tpvsegundamatricula\gonzalocidoncha_practica3\bin\holasdldebug.exe
c:\tpvsegundamatricula\gonzalocidoncha_practica3\bin\holasdldebug.ilk
c:\tpvsegundamatricula\gonzalocidoncha_practica3\bin\holasdldebug.pdb
c:\tpvsegundamatricula\gonzalocidoncha_practica3\holasdl\debug\playstate.new.obj.enc
c:\tpvsegundamatricula\gonzalocidoncha_practica3\holasdl\debug\holasdl.tlog\cl.command.1.tlog
c:\tpvsegundamatricula\gonzalocidoncha_practica3\holasdl\debug\holasdl.tlog\cl.read.1.tlog
c:\tpvsegundamatricula\gonzalocidoncha_practica3\holasdl\debug\holasdl.tlog\cl.write.1.tlog
c:\tpvsegundamatricula\gonzalocidoncha_practica3\holasdl\debug\holasdl.tlog\link.command.1.tlog
c:\tpvsegundamatricula\gonzalocidoncha_practica3\holasdl\debug\holasdl.tlog\link.read.1.tlog
c:\tpvsegundamatricula\gonzalocidoncha_practica3\holasdl\debug\holasdl.tlog\link.write.1.tlog
